<?xml version="1.0" encoding="UTF-8"?>
<!-- Generated by org.testng.reporters.JUnitReportReporter -->
<testsuite skipped="0" hostname="DESKTOP-GH0VMB2" name="Mavenprojects.Mavenjava.AppiumTest" tests="2" failures="0" timestamp="2020-08-19T23:38:54 EDT" time="0.034" errors="0">
  <testcase name="methodapp2" time="0.008" classname="Mavenprojects.Mavenjava.AppiumTest"/>
  <testcase name="methodapp" time="0.026" classname="Mavenprojects.Mavenjava.AppiumTest"/>
</testsuite> <!-- Mavenprojects.Mavenjava.AppiumTest -->
