<?xml version="1.0" encoding="UTF-8"?>
<!-- Generated by org.testng.reporters.JUnitReportReporter -->
<testsuite skipped="0" hostname="DESKTOP-GH0VMB2" name="Mavenprojects.Mavenjava.Loginrediff" tests="1" failures="0" timestamp="2020-09-03T19:01:46 EDT" time="9.645" errors="0">
  <testcase name="loginrediff" time="9.645" classname="Mavenprojects.Mavenjava.Loginrediff"/>
</testsuite> <!-- Mavenprojects.Mavenjava.Loginrediff -->
