<?xml version="1.0" encoding="UTF-8"?>
<!-- Generated by org.testng.reporters.JUnitReportReporter -->
<testsuite skipped="0" hostname="DESKTOP-GH0VMB2" name="Mavenprojects.Mavenjava.Seleniumpgm" tests="2" failures="0" timestamp="2020-09-02T21:06:28 EDT" time="0.009" errors="0">
  <testcase name="method1" time="0.005" classname="Mavenprojects.Mavenjava.Seleniumpgm"/>
  <testcase name="method2" time="0.004" classname="Mavenprojects.Mavenjava.Seleniumpgm"/>
</testsuite> <!-- Mavenprojects.Mavenjava.Seleniumpgm -->
