<?xml version="1.0" encoding="UTF-8"?>
<!-- Generated by org.testng.reporters.JUnitReportReporter -->
<testsuite skipped="0" hostname="DESKTOP-GH0VMB2" name="beta.Log1" tests="1" failures="0" timestamp="2020-09-02T21:42:49 EDT" time="0.032" errors="0">
  <testcase name="log4jmethod" time="0.032" classname="beta.Log1"/>
</testsuite> <!-- beta.Log1 -->
