<?xml version="1.0" encoding="UTF-8"?>
<!-- Generated by org.testng.reporters.JUnitReportReporter -->
<testsuite skipped="0" hostname="DESKTOP-GH0VMB2" name="Mavenprojects.Mavenjava.SeleniumTest" tests="2" failures="0" timestamp="2020-08-19T23:38:54 EDT" time="0.019" errors="0">
  <testcase name="seleniummethod2" time="0.006" classname="Mavenprojects.Mavenjava.SeleniumTest"/>
  <testcase name="seleniummethod1" time="0.013" classname="Mavenprojects.Mavenjava.SeleniumTest"/>
</testsuite> <!-- Mavenprojects.Mavenjava.SeleniumTest -->
