<?xml version="1.0" encoding="UTF-8"?>
<!-- Generated by org.testng.reporters.JUnitReportReporter -->
<testsuite skipped="0" hostname="DESKTOP-GH0VMB2" name="Mavenprojects.Mavenjava.Extendreports1" tests="1" failures="0" timestamp="2020-08-21T19:54:32 EDT" time="6.932" errors="0">
  <testcase name="extendmethod2" time="6.932" classname="Mavenprojects.Mavenjava.Extendreports1"/>
</testsuite> <!-- Mavenprojects.Mavenjava.Extendreports1 -->
