<?xml version="1.0" encoding="UTF-8"?>
<!-- Generated by org.testng.reporters.JUnitReportReporter -->
<testsuite skipped="0" hostname="DESKTOP-GH0VMB2" name="Mavenprojects.Mavenjava.Log4jexample1" tests="1" failures="0" timestamp="2020-09-03T17:20:19 EDT" time="0.016" errors="0">
  <testcase name="log4jmethod" time="0.016" classname="Mavenprojects.Mavenjava.Log4jexample1"/>
</testsuite> <!-- Mavenprojects.Mavenjava.Log4jexample1 -->
