<?xml version="1.0" encoding="UTF-8"?>
<!-- Generated by org.testng.reporters.JUnitReportReporter -->
<testsuite skipped="0" hostname="DESKTOP-GH0VMB2" name="Mavenprojects.Mavenjava.Appium" tests="2" failures="0" timestamp="2020-09-02T21:06:28 EDT" time="0.024" errors="0">
  <testcase name="appium" time="0.021" classname="Mavenprojects.Mavenjava.Appium"/>
  <testcase name="appium1" time="0.003" classname="Mavenprojects.Mavenjava.Appium"/>
</testsuite> <!-- Mavenprojects.Mavenjava.Appium -->
