<?xml version="1.0" encoding="UTF-8"?>
<!-- Generated by org.testng.reporters.JUnitReportReporter -->
<testsuite skipped="0" hostname="DESKTOP-GH0VMB2" name="alpha.Log4j" tests="1" failures="0" timestamp="2020-09-02T21:43:00 EDT" time="0.027" errors="0">
  <testcase name="log4jmetho" time="0.027" classname="alpha.Log4j"/>
</testsuite> <!-- alpha.Log4j -->
