<?xml version="1.0" encoding="UTF-8"?>
<!-- Generated by org.testng.reporters.JUnitReportReporter -->
<testsuite skipped="0" hostname="DESKTOP-GH0VMB2" name="Mavenprojects.Mavenjava.RestApi" tests="1" failures="0" timestamp="2020-09-02T21:06:28 EDT" time="0.002" errors="0">
  <testcase name="Restapi1" time="0.002" classname="Mavenprojects.Mavenjava.RestApi"/>
</testsuite> <!-- Mavenprojects.Mavenjava.RestApi -->
